# JRE version: OpenJDK Runtime Environment (21.0.5) (build 21.0.5+-13047016-b750.29)
# Java VM: OpenJDK 64-Bit Server VM (21.0.5+-13047016-b750.29, mixed mode, tiered, compressed oops, compressed class ptrs, g1 gc, windows-amd64)
GC Precious Log:
 CardTable entry size: 512
 Card Set container configuration: InlinePtr #cards 5 size 8 Array Of Cards #cards 12 size 40 Howl #buckets 4 coarsen threshold 1843 Howl Bitmap #cards 512 size 80 coarsen threshold 460 Card regions per heap region 1 cards per card region 2048
 CPUs: 8 total, 8 available
 Memory: 7103M
 Large Page Support: Disabled
 NUMA Support: Disabled
 Compressed Oops: Enabled (32-bit)
 Heap Region Size: 1M
 Heap Min Capacity: 8M
 Heap Initial Capacity: 112M
 Heap Max Capacity: 2G
 Pre-touch: Disabled
 Parallel Workers: 8
 Concurrent Workers: 2
 Concurrent Refinement Workers: 8
 Periodic GC: Disabled
Heap:
 garbage-first heap   total 217088K, used 183246K [0x0000000080000000, 0x0000000100000000)
  region size 1024K, 42 young (43008K), 7 survivors (7168K)
 Metaspace       used 110553K, committed 112768K, reserved 1179648K
  class space    used 15140K, committed 16256K, reserved 1048576K
GC Heap History (20 events):
Event: 27.216 GC heap before
{Heap before GC invocations=29 (full 0):
 garbage-first heap   total 152576K, used 140614K [0x0000000080000000, 0x0000000100000000)
  region size 1024K, 44 young (45056K), 4 survivors (4096K)
 Metaspace       used 75815K, committed 77568K, reserved 1179648K
  class space    used 10246K, committed 11136K, reserved 1048576K
}
Event: 27.223 GC heap after
{Heap after GC invocations=30 (full 0):
 garbage-first heap   total 153600K, used 106922K [0x0000000080000000, 0x0000000100000000)
  region size 1024K, 6 young (6144K), 6 survivors (6144K)
 Metaspace       used 75815K, committed 77568K, reserved 1179648K
  class space    used 10246K, committed 11136K, reserved 1048576K
}
Event: 27.951 GC heap before
{Heap before GC invocations=30 (full 0):
 garbage-first heap   total 153600K, used 137642K [0x0000000080000000, 0x0000000100000000)
  region size 1024K, 37 young (37888K), 6 survivors (6144K)
 Metaspace       used 79096K, committed 80960K, reserved 1179648K
  class space    used 10596K, committed 11520K, reserved 1048576K
}
Event: 27.957 GC heap after
{Heap after GC invocations=31 (full 0):
 garbage-first heap   total 153600K, used 107792K [0x0000000080000000, 0x0000000100000000)
  region size 1024K, 1 young (1024K), 1 survivors (1024K)
 Metaspace       used 79096K, committed 80960K, reserved 1179648K
  class space    used 10596K, committed 11520K, reserved 1048576K
}
Event: 28.818 GC heap before
{Heap before GC invocations=31 (full 0):
 garbage-first heap   total 153600K, used 137488K [0x0000000080000000, 0x0000000100000000)
  region size 1024K, 31 young (31744K), 1 survivors (1024K)
 Metaspace       used 82849K, committed 84800K, reserved 1179648K
  class space    used 11134K, committed 12096K, reserved 1048576K
}
Event: 28.825 GC heap after
{Heap after GC invocations=32 (full 0):
 garbage-first heap   total 153600K, used 110217K [0x0000000080000000, 0x0000000100000000)
  region size 1024K, 4 young (4096K), 4 survivors (4096K)
 Metaspace       used 82849K, committed 84800K, reserved 1179648K
  class space    used 11134K, committed 12096K, reserved 1048576K
}
Event: 29.385 GC heap before
{Heap before GC invocations=33 (full 0):
 garbage-first heap   total 193536K, used 142985K [0x0000000080000000, 0x0000000100000000)
  region size 1024K, 31 young (31744K), 4 survivors (4096K)
 Metaspace       used 84031K, committed 86016K, reserved 1179648K
  class space    used 11304K, committed 12288K, reserved 1048576K
}
Event: 29.393 GC heap after
{Heap after GC invocations=34 (full 0):
 garbage-first heap   total 193536K, used 114373K [0x0000000080000000, 0x0000000100000000)
  region size 1024K, 4 young (4096K), 4 survivors (4096K)
 Metaspace       used 84031K, committed 86016K, reserved 1179648K
  class space    used 11304K, committed 12288K, reserved 1048576K
}
Event: 30.519 GC heap before
{Heap before GC invocations=34 (full 0):
 garbage-first heap   total 193536K, used 162501K [0x0000000080000000, 0x0000000100000000)
  region size 1024K, 52 young (53248K), 4 survivors (4096K)
 Metaspace       used 87963K, committed 89856K, reserved 1179648K
  class space    used 11814K, committed 12736K, reserved 1048576K
}
Event: 30.526 GC heap after
{Heap after GC invocations=35 (full 0):
 garbage-first heap   total 193536K, used 116297K [0x0000000080000000, 0x0000000100000000)
  region size 1024K, 7 young (7168K), 7 survivors (7168K)
 Metaspace       used 87963K, committed 89856K, reserved 1179648K
  class space    used 11814K, committed 12736K, reserved 1048576K
}
Event: 31.719 GC heap before
{Heap before GC invocations=35 (full 0):
 garbage-first heap   total 193536K, used 166473K [0x0000000080000000, 0x0000000100000000)
  region size 1024K, 56 young (57344K), 7 survivors (7168K)
 Metaspace       used 92781K, committed 94784K, reserved 1179648K
  class space    used 12423K, committed 13440K, reserved 1048576K
}
Event: 31.727 GC heap after
{Heap after GC invocations=36 (full 0):
 garbage-first heap   total 193536K, used 118618K [0x0000000080000000, 0x0000000100000000)
  region size 1024K, 5 young (5120K), 5 survivors (5120K)
 Metaspace       used 92781K, committed 94784K, reserved 1179648K
  class space    used 12423K, committed 13440K, reserved 1048576K
}
Event: 34.040 GC heap before
{Heap before GC invocations=37 (full 0):
 garbage-first heap   total 199680K, used 171866K [0x0000000080000000, 0x0000000100000000)
  region size 1024K, 55 young (56320K), 5 survivors (5120K)
 Metaspace       used 95108K, committed 97216K, reserved 1179648K
  class space    used 12773K, committed 13824K, reserved 1048576K
}
Event: 34.049 GC heap after
{Heap after GC invocations=38 (full 0):
 garbage-first heap   total 199680K, used 125116K [0x0000000080000000, 0x0000000100000000)
  region size 1024K, 6 young (6144K), 6 survivors (6144K)
 Metaspace       used 95108K, committed 97216K, reserved 1179648K
  class space    used 12773K, committed 13824K, reserved 1048576K
}
Event: 35.280 GC heap before
{Heap before GC invocations=38 (full 0):
 garbage-first heap   total 199680K, used 180412K [0x0000000080000000, 0x0000000100000000)
  region size 1024K, 59 young (60416K), 6 survivors (6144K)
 Metaspace       used 99176K, committed 101248K, reserved 1179648K
  class space    used 13374K, committed 14400K, reserved 1048576K
}
Event: 35.288 GC heap after
{Heap after GC invocations=39 (full 0):
 garbage-first heap   total 199680K, used 126629K [0x0000000080000000, 0x0000000100000000)
  region size 1024K, 6 young (6144K), 6 survivors (6144K)
 Metaspace       used 99176K, committed 101248K, reserved 1179648K
  class space    used 13374K, committed 14400K, reserved 1048576K
}
Event: 36.651 GC heap before
{Heap before GC invocations=39 (full 0):
 garbage-first heap   total 199680K, used 180901K [0x0000000080000000, 0x0000000100000000)
  region size 1024K, 59 young (60416K), 6 survivors (6144K)
 Metaspace       used 103385K, committed 105600K, reserved 1179648K
  class space    used 14085K, committed 15168K, reserved 1048576K
}
Event: 36.659 GC heap after
{Heap after GC invocations=40 (full 0):
 garbage-first heap   total 199680K, used 128671K [0x0000000080000000, 0x0000000100000000)
  region size 1024K, 5 young (5120K), 5 survivors (5120K)
 Metaspace       used 103385K, committed 105600K, reserved 1179648K
  class space    used 14085K, committed 15168K, reserved 1048576K
}
Event: 38.105 GC heap before
{Heap before GC invocations=41 (full 0):
 garbage-first heap   total 217088K, used 195231K [0x0000000080000000, 0x0000000100000000)
  region size 1024K, 56 young (57344K), 5 survivors (5120K)
 Metaspace       used 108044K, committed 110272K, reserved 1179648K
  class space    used 14815K, committed 15936K, reserved 1048576K
}
Event: 38.115 GC heap after
{Heap after GC invocations=42 (full 0):
 garbage-first heap   total 217088K, used 149454K [0x0000000080000000, 0x0000000100000000)
  region size 1024K, 7 young (7168K), 7 survivors (7168K)
 Metaspace       used 108044K, committed 110272K, reserved 1179648K
  class space    used 14815K, committed 15936K, reserved 1048576K
}

